<?xml version="1.0" encoding="UTF-8"?>
<!-- Generated by org.testng.reporters.JUnitXMLReporter -->
<testsuite ignored="0" hostname="LAPTOP-4GHHF3C6" failures="0" tests="2" name="Default test" time="0.07" errors="0" timestamp="2023-03-30T21:34:47 IST">
  <testcase classname="Testpack.VerifyToFeatures" name="@BeforeTest Browserlunch" time="-1.680192287198E9">
    <failure type="org.testng.TestNGException" message="
Parameter &amp;apos;browser&amp;apos; is required by BeforeTest on method Browserlunch but has not been marked @Optional or defined
in C:\Users\hp\AppData\Local\Temp\testng-eclipse--389629766\testng-customsuite.xml">
      <![CDATA[org.testng.TestNGException: 
Parameter 'browser' is required by BeforeTest on method Browserlunch but has not been marked @Optional or defined
in C:\Users\hp\AppData\Local\Temp\testng-eclipse--389629766\testng-customsuite.xml
at org.testng.internal.Parameters.createParams(Parameters.java:270)
at org.testng.internal.Parameters.createParametersForMethod(Parameters.java:358)
at org.testng.internal.Parameters.createParameters(Parameters.java:700)
at org.testng.internal.Parameters.createConfigurationParameters(Parameters.java:168)
at org.testng.internal.ConfigInvoker.invokeConfigurations(ConfigInvoker.java:302)
at org.testng.TestRunner.invokeTestConfigurations(TestRunner.java:637)
at org.testng.TestRunner.beforeRun(TestRunner.java:627)
at org.testng.TestRunner.run(TestRunner.java:589)
at org.testng.SuiteRunner.runTest(SuiteRunner.java:377)
at org.testng.SuiteRunner.runSequentially(SuiteRunner.java:371)
at org.testng.SuiteRunner.privateRun(SuiteRunner.java:332)
at org.testng.SuiteRunner.run(SuiteRunner.java:276)
at org.testng.SuiteRunnerWorker.runSuite(SuiteRunnerWorker.java:53)
at org.testng.SuiteRunnerWorker.run(SuiteRunnerWorker.java:96)
at org.testng.TestNG.runSuitesSequentially(TestNG.java:1212)
at org.testng.TestNG.runSuitesLocally(TestNG.java:1134)
at org.testng.TestNG.runSuites(TestNG.java:1063)
at org.testng.TestNG.run(TestNG.java:1031)
at org.testng.remote.AbstractRemoteTestNG.run(AbstractRemoteTestNG.java:115)
at org.testng.remote.RemoteTestNG.initAndRun(RemoteTestNG.java:251)
at org.testng.remote.RemoteTestNG.main(RemoteTestNG.java:77)
]]>
    </failure>
  </testcase> <!-- @BeforeTest Browserlunch -->
  <testcase classname="Testpack.VerifyToFeatures" name="@BeforeClass POMObject" time="-1.680192287227E9">
    <skipped/>
  </testcase> <!-- @BeforeClass POMObject -->
  <testcase classname="Testpack.VerifyToFeatures" name="@BeforeMethod OpenToFeatures" time="-1.680192287243E9">
    <skipped/>
  </testcase> <!-- @BeforeMethod OpenToFeatures -->
  <testcase classname="Testpack.VerifyToFeatures" name="@AfterMethod LogOutApplication" time="-1.680192287251E9">
    <skipped/>
  </testcase> <!-- @AfterMethod LogOutApplication -->
  <testcase classname="Testpack.VerifyToFeatures" name="@BeforeMethod OpenToFeatures" time="-1.680192287253E9">
    <skipped/>
  </testcase> <!-- @BeforeMethod OpenToFeatures -->
  <testcase classname="Testpack.VerifyToFeatures" name="@AfterMethod LogOutApplication" time="-1.680192287257E9">
    <skipped/>
  </testcase> <!-- @AfterMethod LogOutApplication -->
  <testcase classname="Testpack.VerifyToFeatures" name="@AfterClass ClearObject" time="-1.680192287258E9">
    <skipped/>
  </testcase> <!-- @AfterClass ClearObject -->
  <testcase classname="Testpack.VerifyToFeatures" name="@AfterTest closeBrowser" time="-1.680192287261E9">
    <skipped/>
  </testcase> <!-- @AfterTest closeBrowser -->
  <testcase classname="Testpack.VerifyToFeatures" name="VerifyToDesktopTab" time="0.0">
    <skipped/>
  </testcase> <!-- VerifyToDesktopTab -->
  <testcase classname="Testpack.VerifyToFeatures" name="verifyTofeatures" time="0.0">
    <skipped/>
  </testcase> <!-- verifyTofeatures -->
</testsuite> <!-- Default test -->
